Start testing: Apr 05 12:48 CDT
----------------------------------------------------------
1/2 Testing: unit
1/2 Test: unit
Command: "/home/mfracker/csce/personal/FrackDB/build/test/frackdb_test_unit"
Directory: /home/mfracker/csce/personal/FrackDB/build
"unit" start time: Apr 05 12:48 CDT
Output:
----------------------------------------------------------
Running main() from gtest_main.cc
[==========] Running 29 tests from 6 test cases.
[----------] Global test environment set-up.
[----------] 4 tests from AttributeTest
[ RUN      ] AttributeTest.CreateVarChar
[       OK ] AttributeTest.CreateVarChar (0 ms)
[ RUN      ] AttributeTest.CreateInteger
[       OK ] AttributeTest.CreateInteger (0 ms)
[ RUN      ] AttributeTest.VarCharTooLongShouldBeTypeMismatch
[       OK ] AttributeTest.VarCharTooLongShouldBeTypeMismatch (0 ms)
[ RUN      ] AttributeTest.StringForIntegerShouldBeTypeMismatch
[       OK ] AttributeTest.StringForIntegerShouldBeTypeMismatch (0 ms)
[----------] 4 tests from AttributeTest (0 ms total)

[----------] 6 tests from AttributeListTest
[ RUN      ] AttributeListTest.BadPrimaryKeyThrowsException
[       OK ] AttributeListTest.BadPrimaryKeyThrowsException (0 ms)
[ RUN      ] AttributeListTest.CreateUsingContiguousPrimaryKey
[       OK ] AttributeListTest.CreateUsingContiguousPrimaryKey (0 ms)
[ RUN      ] AttributeListTest.CreateUsingNonContiguousPrimaryKey
[       OK ] AttributeListTest.CreateUsingNonContiguousPrimaryKey (0 ms)
[ RUN      ] AttributeListTest.ConcatenateKeyForRowUsingContiguousPrimaryKey
[       OK ] AttributeListTest.ConcatenateKeyForRowUsingContiguousPrimaryKey (0 ms)
[ RUN      ] AttributeListTest.ConcatenateKeyForRowUsingNonContiguousPrimaryKey
[       OK ] AttributeListTest.ConcatenateKeyForRowUsingNonContiguousPrimaryKey (0 ms)
[ RUN      ] AttributeListTest.GetIndexMap
[       OK ] AttributeListTest.GetIndexMap (0 ms)
[----------] 6 tests from AttributeListTest (0 ms total)

[----------] 8 tests from ComparisonTest
[ RUN      ] ComparisonTest.LessThan
[       OK ] ComparisonTest.LessThan (0 ms)
[ RUN      ] ComparisonTest.GreaterThan
[       OK ] ComparisonTest.GreaterThan (0 ms)
[ RUN      ] ComparisonTest.Equal
[       OK ] ComparisonTest.Equal (0 ms)
[ RUN      ] ComparisonTest.LessEqual
[       OK ] ComparisonTest.LessEqual (0 ms)
[ RUN      ] ComparisonTest.GreaterEqual
[       OK ] ComparisonTest.GreaterEqual (0 ms)
[ RUN      ] ComparisonTest.StringCompare
[       OK ] ComparisonTest.StringCompare (0 ms)
[ RUN      ] ComparisonTest.BoolCompare
[       OK ] ComparisonTest.BoolCompare (0 ms)
[ RUN      ] ComparisonTest.IdentifierSubstitution
[       OK ] ComparisonTest.IdentifierSubstitution (0 ms)
[----------] 8 tests from ComparisonTest (0 ms total)

[----------] 6 tests from ConditionTest
[ RUN      ] ConditionTest.And
[       OK ] ConditionTest.And (0 ms)
[ RUN      ] ConditionTest.Or
[       OK ] ConditionTest.Or (0 ms)
[ RUN      ] ConditionTest.Not
[       OK ] ConditionTest.Not (0 ms)
[ RUN      ] ConditionTest.RecursiveWithoutComparison
[       OK ] ConditionTest.RecursiveWithoutComparison (0 ms)
[ RUN      ] ConditionTest.RecursiveWithComparison
[       OK ] ConditionTest.RecursiveWithComparison (0 ms)
[ RUN      ] ConditionTest.IdentifierSubstitution
[       OK ] ConditionTest.IdentifierSubstitution (1 ms)
[----------] 6 tests from ConditionTest (1 ms total)

[----------] 1 test from QueryTest
[ RUN      ] QueryTest.Select
unknown file: Failure
C++ exception with description "std::bad_alloc" thrown in the test body.
[  FAILED  ] QueryTest.Select (0 ms)
[----------] 1 test from QueryTest (0 ms total)

[----------] 4 tests from RelationTest
[ RUN      ] RelationTest.AddRow
[       OK ] RelationTest.AddRow (0 ms)
[ RUN      ] RelationTest.AddLongRowThrowsException
[       OK ] RelationTest.AddLongRowThrowsException (0 ms)
[ RUN      ] RelationTest.AddShortRowThrowsException
[       OK ] RelationTest.AddShortRowThrowsException (0 ms)
[ RUN      ] RelationTest.WrongTypesInRowThrowsException
[       OK ] RelationTest.WrongTypesInRowThrowsException (0 ms)
[----------] 4 tests from RelationTest (0 ms total)

[----------] Global test environment tear-down
[==========] 29 tests from 6 test cases ran. (1 ms total)
[  PASSED  ] 28 tests.
[  FAILED  ] 1 test, listed below:
[  FAILED  ] QueryTest.Select

 1 FAILED TEST
<end of output>
Test time =   0.00 sec
----------------------------------------------------------
Test Failed.
"unit" end time: Apr 05 12:48 CDT
"unit" time elapsed: 00:00:00
----------------------------------------------------------

2/2 Testing: integration
2/2 Test: integration
Command: "/home/mfracker/csce/personal/FrackDB/build/test/frackdb_test_integration"
Directory: /home/mfracker/csce/personal/FrackDB/build
"integration" start time: Apr 05 12:48 CDT
Output:
----------------------------------------------------------
Running main() from gtest_main.cc
[==========] Running 0 tests from 0 test cases.
[==========] 0 tests from 0 test cases ran. (0 ms total)
[  PASSED  ] 0 tests.
<end of output>
Test time =   0.00 sec
----------------------------------------------------------
Test Passed.
"integration" end time: Apr 05 12:48 CDT
"integration" time elapsed: 00:00:00
----------------------------------------------------------

End testing: Apr 05 12:48 CDT
